<?xml version="1.0" encoding="UTF-8"?>
<coverage generated="1642698463623" clover="3.2.0">
  <project timestamp="1642698463623" name="All files">
    <metrics statements="45" coveredstatements="18" conditionals="22" coveredconditionals="8" methods="9" coveredmethods="3" elements="76" coveredelements="29" complexity="0" loc="45" ncloc="45" packages="1" files="1" classes="1"/>
    <file name="index.tsx" path="D:\Documentos\www\freshchat-react\src\index.tsx">
      <metrics statements="45" coveredstatements="18" conditionals="22" coveredconditionals="8" methods="9" coveredmethods="3"/>
      <line num="39" count="1" type="stmt"/>
      <line num="41" count="1" type="stmt"/>
      <line num="45" count="1" type="stmt"/>
      <line num="46" count="1" type="stmt"/>
      <line num="48" count="1" type="cond" truecount="3" falsecount="1"/>
      <line num="50" count="1" type="stmt"/>
      <line num="51" count="1" type="stmt"/>
      <line num="52" count="1" type="stmt"/>
      <line num="53" count="1" type="stmt"/>
      <line num="54" count="1" type="stmt"/>
      <line num="55" count="1" type="stmt"/>
      <line num="59" count="1" type="stmt"/>
      <line num="60" count="0" type="cond" truecount="0" falsecount="2"/>
      <line num="61" count="0" type="cond" truecount="0" falsecount="2"/>
      <line num="62" count="0" type="stmt"/>
      <line num="68" count="0" type="stmt"/>
      <line num="77" count="0" type="cond" truecount="0" falsecount="2"/>
      <line num="79" count="0" type="stmt"/>
      <line num="84" count="1" type="stmt"/>
      <line num="85" count="0" type="stmt"/>
      <line num="88" count="0" type="stmt"/>
      <line num="89" count="0" type="stmt"/>
      <line num="90" count="0" type="stmt"/>
      <line num="91" count="0" type="stmt"/>
      <line num="92" count="0" type="stmt"/>
      <line num="94" count="0" type="stmt"/>
      <line num="96" count="0" type="stmt"/>
      <line num="98" count="0" type="stmt"/>
      <line num="99" count="0" type="stmt"/>
      <line num="100" count="0" type="stmt"/>
      <line num="101" count="0" type="stmt"/>
      <line num="102" count="0" type="stmt"/>
      <line num="105" count="0" type="stmt"/>
      <line num="108" count="1" type="stmt"/>
      <line num="109" count="1" type="stmt"/>
      <line num="112" count="1" type="stmt"/>
      <line num="113" count="0" type="cond" truecount="0" falsecount="2"/>
      <line num="114" count="0" type="stmt"/>
      <line num="115" count="0" type="stmt"/>
      <line num="116" count="0" type="stmt"/>
      <line num="118" count="0" type="stmt"/>
      <line num="124" count="1" type="cond" truecount="1" falsecount="1"/>
      <line num="125" count="0" type="stmt"/>
      <line num="128" count="1" type="cond" truecount="1" falsecount="1"/>
      <line num="129" count="0" type="stmt"/>
    </file>
  </project>
</coverage>
