{"D:\\Documentos\\www\\freshchat-react\\src\\index.tsx": {"path":"D:\\Documentos\\www\\freshchat-react\\src\\index.tsx","statementMap":{"0":{"start":{"line":39,"column":42},"end":{"line":39,"column":63}},"1":{"start":{"line":41,"column":4},"end":{"line":41,"column":141}},"2":{"start":{"line":45,"column":21},"end":{"line":56,"column":3}},"3":{"start":{"line":46,"column":15},"end":{"line":46,"column":30}},"4":{"start":{"line":48,"column":4},"end":{"line":48,"column":62}},"5":{"start":{"line":48,"column":56},"end":{"line":48,"column":62}},"6":{"start":{"line":50,"column":19},"end":{"line":50,"column":51}},"7":{"start":{"line":51,"column":4},"end":{"line":51,"column":23}},"8":{"start":{"line":52,"column":4},"end":{"line":52,"column":35}},"9":{"start":{"line":53,"column":4},"end":{"line":53,"column":59}},"10":{"start":{"line":54,"column":4},"end":{"line":54,"column":18}},"11":{"start":{"line":55,"column":4},"end":{"line":55,"column":37}},"12":{"start":{"line":59,"column":15},"end":{"line":82,"column":3}},"13":{"start":{"line":60,"column":4},"end":{"line":75,"column":5}},"14":{"start":{"line":61,"column":6},"end":{"line":74,"column":7}},"15":{"start":{"line":62,"column":8},"end":{"line":66,"column":9}},"16":{"start":{"line":68,"column":8},"end":{"line":73,"column":9}},"17":{"start":{"line":77,"column":4},"end":{"line":77,"column":61}},"18":{"start":{"line":77,"column":20},"end":{"line":77,"column":61}},"19":{"start":{"line":79,"column":4},"end":{"line":81,"column":6}},"20":{"start":{"line":84,"column":23},"end":{"line":106,"column":3}},"21":{"start":{"line":85,"column":4},"end":{"line":85,"column":26}},"22":{"start":{"line":88,"column":4},"end":{"line":88,"column":25}},"23":{"start":{"line":89,"column":19},"end":{"line":89,"column":51}},"24":{"start":{"line":90,"column":4},"end":{"line":90,"column":23}},"25":{"start":{"line":91,"column":4},"end":{"line":91,"column":35}},"26":{"start":{"line":92,"column":4},"end":{"line":95,"column":8}},"27":{"start":{"line":94,"column":6},"end":{"line":94,"column":28}},"28":{"start":{"line":96,"column":4},"end":{"line":96,"column":37}},"29":{"start":{"line":98,"column":25},"end":{"line":98,"column":57}},"30":{"start":{"line":99,"column":4},"end":{"line":99,"column":29}},"31":{"start":{"line":100,"column":4},"end":{"line":100,"column":41}},"32":{"start":{"line":101,"column":4},"end":{"line":104,"column":8}},"33":{"start":{"line":102,"column":6},"end":{"line":102,"column":42}},"34":{"start":{"line":105,"column":4},"end":{"line":105,"column":43}},"35":{"start":{"line":108,"column":2},"end":{"line":122,"column":4}},"36":{"start":{"line":109,"column":4},"end":{"line":109,"column":16}},"37":{"start":{"line":112,"column":21},"end":{"line":121,"column":12}},"38":{"start":{"line":113,"column":6},"end":{"line":120,"column":7}},"39":{"start":{"line":114,"column":8},"end":{"line":114,"column":31}},"40":{"start":{"line":115,"column":8},"end":{"line":119,"column":9}},"41":{"start":{"line":116,"column":10},"end":{"line":116,"column":16}},"42":{"start":{"line":118,"column":10},"end":{"line":118,"column":28}},"43":{"start":{"line":124,"column":2},"end":{"line":126,"column":3}},"44":{"start":{"line":125,"column":4},"end":{"line":125,"column":15}},"45":{"start":{"line":128,"column":2},"end":{"line":144,"column":10}},"46":{"start":{"line":129,"column":59},"end":{"line":129,"column":73}}},"fnMap":{"0":{"name":"Freshchat","decl":{"start":{"line":34,"column":16},"end":{"line":34,"column":25}},"loc":{"start":{"line":38,"column":39},"end":{"line":145,"column":1}},"line":38},"1":{"name":"(anonymous_1)","decl":{"start":{"line":45,"column":21},"end":{"line":45,"column":22}},"loc":{"start":{"line":45,"column":27},"end":{"line":56,"column":3}},"line":45},"2":{"name":"(anonymous_2)","decl":{"start":{"line":59,"column":15},"end":{"line":59,"column":16}},"loc":{"start":{"line":59,"column":21},"end":{"line":82,"column":3}},"line":59},"3":{"name":"(anonymous_3)","decl":{"start":{"line":84,"column":23},"end":{"line":84,"column":24}},"loc":{"start":{"line":84,"column":29},"end":{"line":106,"column":3}},"line":84},"4":{"name":"(anonymous_4)","decl":{"start":{"line":92,"column":56},"end":{"line":92,"column":57}},"loc":{"start":{"line":92,"column":68},"end":{"line":95,"column":5}},"line":92},"5":{"name":"(anonymous_5)","decl":{"start":{"line":101,"column":61},"end":{"line":101,"column":62}},"loc":{"start":{"line":101,"column":73},"end":{"line":104,"column":5}},"line":101},"6":{"name":"(anonymous_6)","decl":{"start":{"line":108,"column":18},"end":{"line":108,"column":19}},"loc":{"start":{"line":108,"column":24},"end":{"line":122,"column":3}},"line":108},"7":{"name":"(anonymous_7)","decl":{"start":{"line":112,"column":33},"end":{"line":112,"column":34}},"loc":{"start":{"line":112,"column":39},"end":{"line":121,"column":5}},"line":112},"8":{"name":"(anonymous_8)","decl":{"start":{"line":129,"column":53},"end":{"line":129,"column":54}},"loc":{"start":{"line":129,"column":59},"end":{"line":129,"column":73}},"line":129}},"branchMap":{"0":{"loc":{"start":{"line":48,"column":4},"end":{"line":48,"column":62}},"type":"if","locations":[{"start":{"line":48,"column":4},"end":{"line":48,"column":62}},{"start":{"line":48,"column":4},"end":{"line":48,"column":62}}],"line":48},"1":{"loc":{"start":{"line":48,"column":8},"end":{"line":48,"column":54}},"type":"binary-expr","locations":[{"start":{"line":48,"column":8},"end":{"line":48,"column":35}},{"start":{"line":48,"column":39},"end":{"line":48,"column":54}}],"line":48},"2":{"loc":{"start":{"line":60,"column":4},"end":{"line":75,"column":5}},"type":"if","locations":[{"start":{"line":60,"column":4},"end":{"line":75,"column":5}},{"start":{"line":60,"column":4},"end":{"line":75,"column":5}}],"line":60},"3":{"loc":{"start":{"line":61,"column":6},"end":{"line":74,"column":7}},"type":"if","locations":[{"start":{"line":61,"column":6},"end":{"line":74,"column":7}},{"start":{"line":61,"column":6},"end":{"line":74,"column":7}}],"line":61},"4":{"loc":{"start":{"line":77,"column":4},"end":{"line":77,"column":61}},"type":"if","locations":[{"start":{"line":77,"column":4},"end":{"line":77,"column":61}},{"start":{"line":77,"column":4},"end":{"line":77,"column":61}}],"line":77},"5":{"loc":{"start":{"line":113,"column":6},"end":{"line":120,"column":7}},"type":"if","locations":[{"start":{"line":113,"column":6},"end":{"line":120,"column":7}},{"start":{"line":113,"column":6},"end":{"line":120,"column":7}}],"line":113},"6":{"loc":{"start":{"line":124,"column":2},"end":{"line":126,"column":3}},"type":"if","locations":[{"start":{"line":124,"column":2},"end":{"line":126,"column":3}},{"start":{"line":124,"column":2},"end":{"line":126,"column":3}}],"line":124},"7":{"loc":{"start":{"line":128,"column":9},"end":{"line":144,"column":10}},"type":"cond-expr","locations":[{"start":{"line":129,"column":4},"end":{"line":143,"column":10}},{"start":{"line":144,"column":6},"end":{"line":144,"column":10}}],"line":128},"8":{"loc":{"start":{"line":133,"column":27},"end":{"line":133,"column":76}},"type":"cond-expr","locations":[{"start":{"line":133,"column":39},"end":{"line":133,"column":64}},{"start":{"line":133,"column":67},"end":{"line":133,"column":76}}],"line":133},"9":{"loc":{"start":{"line":134,"column":17},"end":{"line":134,"column":56}},"type":"cond-expr","locations":[{"start":{"line":134,"column":29},"end":{"line":134,"column":44}},{"start":{"line":134,"column":47},"end":{"line":134,"column":56}}],"line":134},"10":{"loc":{"start":{"line":135,"column":23},"end":{"line":137,"column":59}},"type":"cond-expr","locations":[{"start":{"line":136,"column":14},"end":{"line":136,"column":80}},{"start":{"line":137,"column":14},"end":{"line":137,"column":59}}],"line":135}},"s":{"0":1,"1":1,"2":1,"3":1,"4":1,"5":0,"6":1,"7":1,"8":1,"9":1,"10":1,"11":1,"12":1,"13":0,"14":0,"15":0,"16":0,"17":0,"18":0,"19":0,"20":1,"21":0,"22":0,"23":0,"24":0,"25":0,"26":0,"27":0,"28":0,"29":0,"30":0,"31":0,"32":0,"33":0,"34":0,"35":1,"36":1,"37":1,"38":0,"39":0,"40":0,"41":0,"42":0,"43":1,"44":0,"45":1,"46":0},"f":{"0":1,"1":1,"2":0,"3":0,"4":0,"5":0,"6":1,"7":0,"8":0},"b":{"0":[0,1],"1":[1,1],"2":[0,0],"3":[0,0],"4":[0,0],"5":[0,0],"6":[0,1],"7":[1,0],"8":[0,1],"9":[0,1],"10":[0,1]},"_coverageSchema":"43e27e138ebf9cfc5966b082cf9a028302ed4184","hash":"7d75b089032af1b20c20cbddb017bd6be9aface7"}
}
