TN:
SF:D:\Documentos\www\freshchat-react\src\index.tsx
FN:34,Freshchat
FN:45,(anonymous_1)
FN:59,(anonymous_2)
FN:84,(anonymous_3)
FN:92,(anonymous_4)
FN:101,(anonymous_5)
FN:108,(anonymous_6)
FN:112,(anonymous_7)
FN:129,(anonymous_8)
FNF:9
FNH:3
FNDA:1,Freshchat
FNDA:1,(anonymous_1)
FNDA:0,(anonymous_2)
FNDA:0,(anonymous_3)
FNDA:0,(anonymous_4)
FNDA:0,(anonymous_5)
FNDA:1,(anonymous_6)
FNDA:0,(anonymous_7)
FNDA:0,(anonymous_8)
DA:39,1
DA:41,1
DA:45,1
DA:46,1
DA:48,1
DA:50,1
DA:51,1
DA:52,1
DA:53,1
DA:54,1
DA:55,1
DA:59,1
DA:60,0
DA:61,0
DA:62,0
DA:68,0
DA:77,0
DA:79,0
DA:84,1
DA:85,0
DA:88,0
DA:89,0
DA:90,0
DA:91,0
DA:92,0
DA:94,0
DA:96,0
DA:98,0
DA:99,0
DA:100,0
DA:101,0
DA:102,0
DA:105,0
DA:108,1
DA:109,1
DA:112,1
DA:113,0
DA:114,0
DA:115,0
DA:116,0
DA:118,0
DA:124,1
DA:125,0
DA:128,1
DA:129,0
LF:45
LH:18
BRDA:48,0,0,0
BRDA:48,0,1,1
BRDA:48,1,0,1
BRDA:48,1,1,1
BRDA:60,2,0,0
BRDA:60,2,1,0
BRDA:61,3,0,0
BRDA:61,3,1,0
BRDA:77,4,0,0
BRDA:77,4,1,0
BRDA:113,5,0,0
BRDA:113,5,1,0
BRDA:124,6,0,0
BRDA:124,6,1,1
BRDA:128,7,0,1
BRDA:128,7,1,0
BRDA:133,8,0,0
BRDA:133,8,1,1
BRDA:134,9,0,0
BRDA:134,9,1,1
BRDA:135,10,0,0
BRDA:135,10,1,1
BRF:22
BRH:8
end_of_record
